\BOOKMARK [0][-]{chapter.1}{\376\377\000O\000p\000i\000s\000\040\000p\000r\000o\000g\000r\000a\000m\000u}{}% 1
\BOOKMARK [1][-]{section.1.1}{\376\377\000W\000s\000t\000e\000p}{chapter.1}% 2
\BOOKMARK [1][-]{section.1.2}{\376\377\000L\000i\000c\000e\000n\000c\000j\000a}{chapter.1}% 3
\BOOKMARK [1][-]{section.1.3}{\376\377\000I\000n\000s\000t\000a\000l\000a\000c\000j\000a}{chapter.1}% 4
\BOOKMARK [0][-]{chapter.2}{\376\377\000H\000i\000e\000r\000a\000r\000c\000h\000i\000c\000a\000l\000\040\000I\000n\000d\000e\000x}{}% 5
\BOOKMARK [1][-]{section.2.1}{\376\377\000C\000l\000a\000s\000s\000\040\000H\000i\000e\000r\000a\000r\000c\000h\000y}{chapter.2}% 6
\BOOKMARK [0][-]{chapter.3}{\376\377\000C\000l\000a\000s\000s\000\040\000I\000n\000d\000e\000x}{}% 7
\BOOKMARK [1][-]{section.3.1}{\376\377\000C\000l\000a\000s\000s\000\040\000L\000i\000s\000t}{chapter.3}% 8
\BOOKMARK [0][-]{chapter.4}{\376\377\000F\000i\000l\000e\000\040\000I\000n\000d\000e\000x}{}% 9
\BOOKMARK [1][-]{section.4.1}{\376\377\000F\000i\000l\000e\000\040\000L\000i\000s\000t}{chapter.4}% 10
\BOOKMARK [0][-]{chapter.5}{\376\377\000C\000l\000a\000s\000s\000\040\000D\000o\000c\000u\000m\000e\000n\000t\000a\000t\000i\000o\000n}{}% 11
\BOOKMARK [1][-]{section.5.1}{\376\377\000I\000L\000i\000s\000t\000a\000<\000\040\000L\000i\000s\000t\000T\000y\000p\000e\000\040\000>\000\040\000C\000l\000a\000s\000s\000\040\000T\000e\000m\000p\000l\000a\000t\000e\000\040\000R\000e\000f\000e\000r\000e\000n\000c\000e}{chapter.5}% 12
\BOOKMARK [2][-]{subsection.5.1.1}{\376\377\000D\000e\000t\000a\000i\000l\000e\000d\000\040\000D\000e\000s\000c\000r\000i\000p\000t\000i\000o\000n}{section.5.1}% 13
\BOOKMARK [2][-]{subsection.5.1.2}{\376\377\000M\000e\000m\000b\000e\000r\000\040\000F\000u\000n\000c\000t\000i\000o\000n\000\040\000D\000o\000c\000u\000m\000e\000n\000t\000a\000t\000i\000o\000n}{section.5.1}% 14
\BOOKMARK [3][-]{subsubsection.5.1.2.1}{\376\377\000a\000d\000d}{subsection.5.1.2}% 15
\BOOKMARK [3][-]{subsubsection.5.1.2.2}{\376\377\000g\000e\000t}{subsection.5.1.2}% 16
\BOOKMARK [3][-]{subsubsection.5.1.2.3}{\376\377\000i\000s\000E\000m\000p\000t\000y}{subsection.5.1.2}% 17
\BOOKMARK [3][-]{subsubsection.5.1.2.4}{\376\377\000r\000e\000m\000o\000v\000e}{subsection.5.1.2}% 18
\BOOKMARK [3][-]{subsubsection.5.1.2.5}{\376\377\000s\000i\000z\000e}{subsection.5.1.2}% 19
\BOOKMARK [1][-]{section.5.2}{\376\377\000I\000P\000o\000j\000e\000m\000n\000i\000k\000<\000\040\000T\000y\000p\000e\000\040\000>\000\040\000C\000l\000a\000s\000s\000\040\000T\000e\000m\000p\000l\000a\000t\000e\000\040\000R\000e\000f\000e\000r\000e\000n\000c\000e}{chapter.5}% 20
\BOOKMARK [2][-]{subsection.5.2.1}{\376\377\000D\000e\000t\000a\000i\000l\000e\000d\000\040\000D\000e\000s\000c\000r\000i\000p\000t\000i\000o\000n}{section.5.2}% 21
\BOOKMARK [2][-]{subsection.5.2.2}{\376\377\000M\000e\000m\000b\000e\000r\000\040\000F\000u\000n\000c\000t\000i\000o\000n\000\040\000D\000o\000c\000u\000m\000e\000n\000t\000a\000t\000i\000o\000n}{section.5.2}% 22
\BOOKMARK [3][-]{subsubsection.5.2.2.1}{\376\377\000a\000d\000d}{subsection.5.2.2}% 23
\BOOKMARK [3][-]{subsubsection.5.2.2.2}{\376\377\000e\000m\000p\000t\000y}{subsection.5.2.2}% 24
\BOOKMARK [3][-]{subsubsection.5.2.2.3}{\376\377\000p\000o\000p}{subsection.5.2.2}% 25
\BOOKMARK [3][-]{subsubsection.5.2.2.4}{\376\377\000p\000u\000s\000h}{subsection.5.2.2}% 26
\BOOKMARK [3][-]{subsubsection.5.2.2.5}{\376\377\000s\000i\000z\000e}{subsection.5.2.2}% 27
\BOOKMARK [1][-]{section.5.3}{\376\377\000I\000R\000u\000n\000n\000a\000b\000l\000e\000\040\000C\000l\000a\000s\000s\000\040\000R\000e\000f\000e\000r\000e\000n\000c\000e}{chapter.5}% 28
\BOOKMARK [2][-]{subsection.5.3.1}{\376\377\000D\000e\000t\000a\000i\000l\000e\000d\000\040\000D\000e\000s\000c\000r\000i\000p\000t\000i\000o\000n}{section.5.3}% 29
\BOOKMARK [2][-]{subsection.5.3.2}{\376\377\000M\000e\000m\000b\000e\000r\000\040\000F\000u\000n\000c\000t\000i\000o\000n\000\040\000D\000o\000c\000u\000m\000e\000n\000t\000a\000t\000i\000o\000n}{section.5.3}% 30
\BOOKMARK [3][-]{subsubsection.5.3.2.1}{\376\377\000p\000r\000e\000p\000a\000r\000e}{subsection.5.3.2}% 31
\BOOKMARK [3][-]{subsubsection.5.3.2.2}{\376\377\000r\000u\000n}{subsection.5.3.2}% 32
\BOOKMARK [1][-]{section.5.4}{\376\377\000I\000S\000t\000o\000p\000e\000r\000\040\000C\000l\000a\000s\000s\000\040\000R\000e\000f\000e\000r\000e\000n\000c\000e}{chapter.5}% 33
\BOOKMARK [2][-]{subsection.5.4.1}{\376\377\000D\000e\000t\000a\000i\000l\000e\000d\000\040\000D\000e\000s\000c\000r\000i\000p\000t\000i\000o\000n}{section.5.4}% 34
\BOOKMARK [2][-]{subsection.5.4.2}{\376\377\000M\000e\000m\000b\000e\000r\000\040\000F\000u\000n\000c\000t\000i\000o\000n\000\040\000D\000o\000c\000u\000m\000e\000n\000t\000a\000t\000i\000o\000n}{section.5.4}% 35
\BOOKMARK [3][-]{subsubsection.5.4.2.1}{\376\377\000d\000u\000m\000p\000T\000o\000F\000i\000l\000e}{subsection.5.4.2}% 36
\BOOKMARK [3][-]{subsubsection.5.4.2.2}{\376\377\000g\000e\000t\000E\000l\000a\000p\000s\000e\000d\000T\000i\000m\000e}{subsection.5.4.2}% 37
\BOOKMARK [3][-]{subsubsection.5.4.2.3}{\376\377\000s\000t\000a\000r\000t}{subsection.5.4.2}% 38
\BOOKMARK [3][-]{subsubsection.5.4.2.4}{\376\377\000s\000t\000o\000p}{subsection.5.4.2}% 39
\BOOKMARK [1][-]{section.5.5}{\376\377\000K\000o\000l\000e\000j\000k\000a\000\040\000C\000l\000a\000s\000s\000\040\000R\000e\000f\000e\000r\000e\000n\000c\000e}{chapter.5}% 40
\BOOKMARK [1][-]{section.5.6}{\376\377\000L\000i\000s\000t\000a\000<\000\040\000T\000y\000p\000e\000\040\000>\000\040\000C\000l\000a\000s\000s\000\040\000T\000e\000m\000p\000l\000a\000t\000e\000\040\000R\000e\000f\000e\000r\000e\000n\000c\000e}{chapter.5}% 41
\BOOKMARK [2][-]{subsection.5.6.1}{\376\377\000D\000e\000t\000a\000i\000l\000e\000d\000\040\000D\000e\000s\000c\000r\000i\000p\000t\000i\000o\000n}{section.5.6}% 42
\BOOKMARK [2][-]{subsection.5.6.2}{\376\377\000C\000o\000n\000s\000t\000r\000u\000c\000t\000o\000r\000\040\000\046\000\040\000D\000e\000s\000t\000r\000u\000c\000t\000o\000r\000\040\000D\000o\000c\000u\000m\000e\000n\000t\000a\000t\000i\000o\000n}{section.5.6}% 43
\BOOKMARK [3][-]{subsubsection.5.6.2.1}{\376\377\000L\000i\000s\000t\000a}{subsection.5.6.2}% 44
\BOOKMARK [3][-]{subsubsection.5.6.2.2}{\376\377\000L\000i\000s\000t\000a}{subsection.5.6.2}% 45
\BOOKMARK [2][-]{subsection.5.6.3}{\376\377\000M\000e\000m\000b\000e\000r\000\040\000F\000u\000n\000c\000t\000i\000o\000n\000\040\000D\000o\000c\000u\000m\000e\000n\000t\000a\000t\000i\000o\000n}{section.5.6}% 46
\BOOKMARK [3][-]{subsubsection.5.6.3.1}{\376\377\000a\000d\000d}{subsection.5.6.3}% 47
\BOOKMARK [3][-]{subsubsection.5.6.3.2}{\376\377\000g\000e\000t}{subsection.5.6.3}% 48
\BOOKMARK [3][-]{subsubsection.5.6.3.3}{\376\377\000i\000s\000E\000m\000p\000t\000y}{subsection.5.6.3}% 49
\BOOKMARK [3][-]{subsubsection.5.6.3.4}{\376\377\000p\000r\000e\000p\000a\000r\000e}{subsection.5.6.3}% 50
\BOOKMARK [3][-]{subsubsection.5.6.3.5}{\376\377\000p\000r\000i\000n\000t}{subsection.5.6.3}% 51
\BOOKMARK [3][-]{subsubsection.5.6.3.6}{\376\377\000r\000e\000m\000o\000v\000e}{subsection.5.6.3}% 52
\BOOKMARK [3][-]{subsubsection.5.6.3.7}{\376\377\000r\000u\000n}{subsection.5.6.3}% 53
\BOOKMARK [3][-]{subsubsection.5.6.3.8}{\376\377\000s\000i\000z\000e}{subsection.5.6.3}% 54
\BOOKMARK [2][-]{subsection.5.6.4}{\376\377\000M\000e\000m\000b\000e\000r\000\040\000D\000a\000t\000a\000\040\000D\000o\000c\000u\000m\000e\000n\000t\000a\000t\000i\000o\000n}{section.5.6}% 55
\BOOKMARK [3][-]{subsubsection.5.6.4.1}{\376\377\000h\000e\000a\000d}{subsection.5.6.4}% 56
\BOOKMARK [3][-]{subsubsection.5.6.4.2}{\376\377\000s\000i\000z\000e\000\137\000o\000f\000\137\000l\000i\000s\000t}{subsection.5.6.4}% 57
\BOOKMARK [3][-]{subsubsection.5.6.4.3}{\376\377\000t\000a\000i\000l}{subsection.5.6.4}% 58
\BOOKMARK [1][-]{section.5.7}{\376\377\000N\000o\000d\000e\000<\000\040\000N\000o\000d\000e\000T\000y\000p\000e\000\040\000>\000\040\000C\000l\000a\000s\000s\000\040\000T\000e\000m\000p\000l\000a\000t\000e\000\040\000R\000e\000f\000e\000r\000e\000n\000c\000e}{chapter.5}% 59
\BOOKMARK [2][-]{subsection.5.7.1}{\376\377\000D\000e\000t\000a\000i\000l\000e\000d\000\040\000D\000e\000s\000c\000r\000i\000p\000t\000i\000o\000n}{section.5.7}% 60
\BOOKMARK [2][-]{subsection.5.7.2}{\376\377\000M\000e\000m\000b\000e\000r\000\040\000F\000u\000n\000c\000t\000i\000o\000n\000\040\000D\000o\000c\000u\000m\000e\000n\000t\000a\000t\000i\000o\000n}{section.5.7}% 61
\BOOKMARK [3][-]{subsubsection.5.7.2.1}{\376\377\000g\000e\000t\000E\000l\000e\000m}{subsection.5.7.2}% 62
\BOOKMARK [3][-]{subsubsection.5.7.2.2}{\376\377\000g\000e\000t\000N\000e\000x\000t}{subsection.5.7.2}% 63
\BOOKMARK [3][-]{subsubsection.5.7.2.3}{\376\377\000s\000e\000t\000E\000l\000e\000m}{subsection.5.7.2}% 64
\BOOKMARK [3][-]{subsubsection.5.7.2.4}{\376\377\000s\000e\000t\000N\000e\000x\000t}{subsection.5.7.2}% 65
\BOOKMARK [2][-]{subsection.5.7.3}{\376\377\000F\000r\000i\000e\000n\000d\000s\000\040\000A\000n\000d\000\040\000R\000e\000l\000a\000t\000e\000d\000\040\000F\000u\000n\000c\000t\000i\000o\000n\000\040\000D\000o\000c\000u\000m\000e\000n\000t\000a\000t\000i\000o\000n}{section.5.7}% 66
\BOOKMARK [3][-]{subsubsection.5.7.3.1}{\376\377\000I\000L\000i\000s\000t\000a}{subsection.5.7.3}% 67
\BOOKMARK [2][-]{subsection.5.7.4}{\376\377\000M\000e\000m\000b\000e\000r\000\040\000D\000a\000t\000a\000\040\000D\000o\000c\000u\000m\000e\000n\000t\000a\000t\000i\000o\000n}{section.5.7}% 68
\BOOKMARK [3][-]{subsubsection.5.7.4.1}{\376\377\000e\000l\000e\000m\000e\000n\000t}{subsection.5.7.4}% 69
\BOOKMARK [3][-]{subsubsection.5.7.4.2}{\376\377\000n\000e\000x\000t}{subsection.5.7.4}% 70
\BOOKMARK [1][-]{section.5.8}{\376\377\000S\000e\000d\000z\000i\000a\000\040\000C\000l\000a\000s\000s\000\040\000R\000e\000f\000e\000r\000e\000n\000c\000e}{chapter.5}% 71
\BOOKMARK [2][-]{subsection.5.8.1}{\376\377\000D\000e\000t\000a\000i\000l\000e\000d\000\040\000D\000e\000s\000c\000r\000i\000p\000t\000i\000o\000n}{section.5.8}% 72
\BOOKMARK [2][-]{subsection.5.8.2}{\376\377\000M\000e\000m\000b\000e\000r\000\040\000F\000u\000n\000c\000t\000i\000o\000n\000\040\000D\000o\000c\000u\000m\000e\000n\000t\000a\000t\000i\000o\000n}{section.5.8}% 73
\BOOKMARK [3][-]{subsubsection.5.8.2.1}{\376\377\000s\000e\000t\000O\000f\000f}{subsection.5.8.2}% 74
\BOOKMARK [1][-]{section.5.9}{\376\377\000S\000t\000o\000p\000e\000r\000\040\000C\000l\000a\000s\000s\000\040\000R\000e\000f\000e\000r\000e\000n\000c\000e}{chapter.5}% 75
\BOOKMARK [2][-]{subsection.5.9.1}{\376\377\000D\000e\000t\000a\000i\000l\000e\000d\000\040\000D\000e\000s\000c\000r\000i\000p\000t\000i\000o\000n}{section.5.9}% 76
\BOOKMARK [2][-]{subsection.5.9.2}{\376\377\000M\000e\000m\000b\000e\000r\000\040\000F\000u\000n\000c\000t\000i\000o\000n\000\040\000D\000o\000c\000u\000m\000e\000n\000t\000a\000t\000i\000o\000n}{section.5.9}% 77
\BOOKMARK [3][-]{subsubsection.5.9.2.1}{\376\377\000d\000u\000m\000p\000T\000o\000F\000i\000l\000e}{subsection.5.9.2}% 78
\BOOKMARK [3][-]{subsubsection.5.9.2.2}{\376\377\000g\000e\000t\000E\000l\000a\000p\000s\000e\000d\000T\000i\000m\000e}{subsection.5.9.2}% 79
\BOOKMARK [3][-]{subsubsection.5.9.2.3}{\376\377\000s\000t\000a\000r\000t}{subsection.5.9.2}% 80
\BOOKMARK [3][-]{subsubsection.5.9.2.4}{\376\377\000s\000t\000o\000p}{subsection.5.9.2}% 81
\BOOKMARK [2][-]{subsection.5.9.3}{\376\377\000M\000e\000m\000b\000e\000r\000\040\000D\000a\000t\000a\000\040\000D\000o\000c\000u\000m\000e\000n\000t\000a\000t\000i\000o\000n}{section.5.9}% 82
\BOOKMARK [3][-]{subsubsection.5.9.3.1}{\376\377\000m\000y\000\137\000f\000i\000l\000e}{subsection.5.9.3}% 83
\BOOKMARK [3][-]{subsubsection.5.9.3.2}{\376\377\000s\000t\000a\000r\000t\000\137\000t\000i\000m\000e}{subsection.5.9.3}% 84
\BOOKMARK [3][-]{subsubsection.5.9.3.3}{\376\377\000s\000t\000o\000p\000\137\000t\000i\000m\000e}{subsection.5.9.3}% 85
\BOOKMARK [1][-]{section.5.10}{\376\377\000T\000a\000b\000l\000i\000c\000a\000<\000\040\000T\000y\000p\000e\000\040\000>\000\040\000C\000l\000a\000s\000s\000\040\000T\000e\000m\000p\000l\000a\000t\000e\000\040\000R\000e\000f\000e\000r\000e\000n\000c\000e}{chapter.5}% 86
\BOOKMARK [2][-]{subsection.5.10.1}{\376\377\000D\000e\000t\000a\000i\000l\000e\000d\000\040\000D\000e\000s\000c\000r\000i\000p\000t\000i\000o\000n}{section.5.10}% 87
\BOOKMARK [2][-]{subsection.5.10.2}{\376\377\000C\000o\000n\000s\000t\000r\000u\000c\000t\000o\000r\000\040\000\046\000\040\000D\000e\000s\000t\000r\000u\000c\000t\000o\000r\000\040\000D\000o\000c\000u\000m\000e\000n\000t\000a\000t\000i\000o\000n}{section.5.10}% 88
\BOOKMARK [3][-]{subsubsection.5.10.2.1}{\376\377\000T\000a\000b\000l\000i\000c\000a}{subsection.5.10.2}% 89
\BOOKMARK [3][-]{subsubsection.5.10.2.2}{\376\377\000T\000a\000b\000l\000i\000c\000a}{subsection.5.10.2}% 90
\BOOKMARK [2][-]{subsection.5.10.3}{\376\377\000M\000e\000m\000b\000e\000r\000\040\000F\000u\000n\000c\000t\000i\000o\000n\000\040\000D\000o\000c\000u\000m\000e\000n\000t\000a\000t\000i\000o\000n}{section.5.10}% 91
\BOOKMARK [3][-]{subsubsection.5.10.3.1}{\376\377\000g\000e\000t\000S\000i\000z\000e}{subsection.5.10.3}% 92
\BOOKMARK [3][-]{subsubsection.5.10.3.2}{\376\377\000i\000n\000c\000r\000e\000a\000s\000e\000S\000i\000z\000e}{subsection.5.10.3}% 93
\BOOKMARK [3][-]{subsubsection.5.10.3.3}{\376\377\000i\000s\000F\000u\000l\000l}{subsection.5.10.3}% 94
\BOOKMARK [3][-]{subsubsection.5.10.3.4}{\376\377\000p\000r\000e\000p\000a\000r\000e}{subsection.5.10.3}% 95
\BOOKMARK [3][-]{subsubsection.5.10.3.5}{\376\377\000r\000u\000n}{subsection.5.10.3}% 96
\BOOKMARK [2][-]{subsection.5.10.4}{\376\377\000M\000e\000m\000b\000e\000r\000\040\000D\000a\000t\000a\000\040\000D\000o\000c\000u\000m\000e\000n\000t\000a\000t\000i\000o\000n}{section.5.10}% 97
\BOOKMARK [3][-]{subsubsection.5.10.4.1}{\376\377\000c\000u\000r\000r\000e\000n\000t\000\137\000s\000i\000z\000e}{subsection.5.10.4}% 98
\BOOKMARK [3][-]{subsubsection.5.10.4.2}{\376\377\000d\000e\000s\000i\000r\000e\000d\000\137\000s\000i\000z\000e}{subsection.5.10.4}% 99
\BOOKMARK [3][-]{subsubsection.5.10.4.3}{\376\377\000e\000l\000e\000m\000e\000n\000t\000s}{subsection.5.10.4}% 100
\BOOKMARK [3][-]{subsubsection.5.10.4.4}{\376\377\000i\000n\000d\000e\000x}{subsection.5.10.4}% 101
\BOOKMARK [0][-]{chapter.6}{\376\377\000F\000i\000l\000e\000\040\000D\000o\000c\000u\000m\000e\000n\000t\000a\000t\000i\000o\000n}{}% 102
\BOOKMARK [1][-]{section.6.1}{\376\377\000i\000n\000c\000/\000I\000L\000i\000s\000t\000a\000.\000h\000\040\000F\000i\000l\000e\000\040\000R\000e\000f\000e\000r\000e\000n\000c\000e}{chapter.6}% 103
\BOOKMARK [2][-]{subsection.6.1.1}{\376\377\000D\000e\000t\000a\000i\000l\000e\000d\000\040\000D\000e\000s\000c\000r\000i\000p\000t\000i\000o\000n}{section.6.1}% 104
\BOOKMARK [2][-]{subsection.6.1.2}{\376\377\000T\000y\000p\000e\000d\000e\000f\000\040\000D\000o\000c\000u\000m\000e\000n\000t\000a\000t\000i\000o\000n}{section.6.1}% 105
\BOOKMARK [3][-]{subsubsection.6.1.2.1}{\376\377\000u\000i\000n\000t}{subsection.6.1.2}% 106
\BOOKMARK [1][-]{section.6.2}{\376\377\000i\000n\000c\000/\000I\000P\000o\000j\000e\000m\000n\000i\000k\000.\000h\000\040\000F\000i\000l\000e\000\040\000R\000e\000f\000e\000r\000e\000n\000c\000e}{chapter.6}% 107
\BOOKMARK [2][-]{subsection.6.2.1}{\376\377\000D\000e\000t\000a\000i\000l\000e\000d\000\040\000D\000e\000s\000c\000r\000i\000p\000t\000i\000o\000n}{section.6.2}% 108
\BOOKMARK [2][-]{subsection.6.2.2}{\376\377\000T\000y\000p\000e\000d\000e\000f\000\040\000D\000o\000c\000u\000m\000e\000n\000t\000a\000t\000i\000o\000n}{section.6.2}% 109
\BOOKMARK [3][-]{subsubsection.6.2.2.1}{\376\377\000u\000i\000n\000t}{subsection.6.2.2}% 110
\BOOKMARK [1][-]{section.6.3}{\376\377\000i\000n\000c\000/\000I\000R\000u\000n\000n\000a\000b\000l\000e\000.\000h\000\040\000F\000i\000l\000e\000\040\000R\000e\000f\000e\000r\000e\000n\000c\000e}{chapter.6}% 111
\BOOKMARK [2][-]{subsection.6.3.1}{\376\377\000D\000e\000t\000a\000i\000l\000e\000d\000\040\000D\000e\000s\000c\000r\000i\000p\000t\000i\000o\000n}{section.6.3}% 112
\BOOKMARK [1][-]{section.6.4}{\376\377\000i\000n\000c\000/\000I\000S\000t\000o\000p\000e\000r\000.\000h\000\040\000F\000i\000l\000e\000\040\000R\000e\000f\000e\000r\000e\000n\000c\000e}{chapter.6}% 113
\BOOKMARK [2][-]{subsection.6.4.1}{\376\377\000D\000e\000t\000a\000i\000l\000e\000d\000\040\000D\000e\000s\000c\000r\000i\000p\000t\000i\000o\000n}{section.6.4}% 114
\BOOKMARK [1][-]{section.6.5}{\376\377\000i\000n\000c\000/\000K\000o\000l\000e\000j\000k\000a\000.\000h\000\040\000F\000i\000l\000e\000\040\000R\000e\000f\000e\000r\000e\000n\000c\000e}{chapter.6}% 115
\BOOKMARK [1][-]{section.6.6}{\376\377\000i\000n\000c\000/\000L\000i\000s\000t\000a\000.\000h\000\040\000F\000i\000l\000e\000\040\000R\000e\000f\000e\000r\000e\000n\000c\000e}{chapter.6}% 116
\BOOKMARK [2][-]{subsection.6.6.1}{\376\377\000D\000e\000t\000a\000i\000l\000e\000d\000\040\000D\000e\000s\000c\000r\000i\000p\000t\000i\000o\000n}{section.6.6}% 117
\BOOKMARK [2][-]{subsection.6.6.2}{\376\377\000T\000y\000p\000e\000d\000e\000f\000\040\000D\000o\000c\000u\000m\000e\000n\000t\000a\000t\000i\000o\000n}{section.6.6}% 118
\BOOKMARK [3][-]{subsubsection.6.6.2.1}{\376\377\000u\000i\000n\000t}{subsection.6.6.2}% 119
\BOOKMARK [1][-]{section.6.7}{\376\377\000i\000n\000c\000/\000S\000e\000d\000z\000i\000a\000.\000h\000\040\000F\000i\000l\000e\000\040\000R\000e\000f\000e\000r\000e\000n\000c\000e}{chapter.6}% 120
\BOOKMARK [2][-]{subsection.6.7.1}{\376\377\000D\000e\000t\000a\000i\000l\000e\000d\000\040\000D\000e\000s\000c\000r\000i\000p\000t\000i\000o\000n}{section.6.7}% 121
\BOOKMARK [1][-]{section.6.8}{\376\377\000i\000n\000c\000/\000S\000t\000o\000p\000e\000r\000.\000h\000\040\000F\000i\000l\000e\000\040\000R\000e\000f\000e\000r\000e\000n\000c\000e}{chapter.6}% 122
\BOOKMARK [2][-]{subsection.6.8.1}{\376\377\000D\000e\000t\000a\000i\000l\000e\000d\000\040\000D\000e\000s\000c\000r\000i\000p\000t\000i\000o\000n}{section.6.8}% 123
\BOOKMARK [1][-]{section.6.9}{\376\377\000i\000n\000c\000/\000S\000t\000o\000s\000.\000h\000\040\000F\000i\000l\000e\000\040\000R\000e\000f\000e\000r\000e\000n\000c\000e}{chapter.6}% 124
\BOOKMARK [1][-]{section.6.10}{\376\377\000i\000n\000c\000/\000T\000a\000b\000l\000i\000c\000a\000.\000h\000\040\000F\000i\000l\000e\000\040\000R\000e\000f\000e\000r\000e\000n\000c\000e}{chapter.6}% 125
\BOOKMARK [2][-]{subsection.6.10.1}{\376\377\000D\000e\000t\000a\000i\000l\000e\000d\000\040\000D\000e\000s\000c\000r\000i\000p\000t\000i\000o\000n}{section.6.10}% 126
\BOOKMARK [2][-]{subsection.6.10.2}{\376\377\000T\000y\000p\000e\000d\000e\000f\000\040\000D\000o\000c\000u\000m\000e\000n\000t\000a\000t\000i\000o\000n}{section.6.10}% 127
\BOOKMARK [3][-]{subsubsection.6.10.2.1}{\376\377\000u\000i\000n\000t}{subsection.6.10.2}% 128
\BOOKMARK [1][-]{section.6.11}{\376\377\000s\000r\000c\000/\000K\000o\000l\000e\000j\000k\000a\000.\000c\000p\000p\000\040\000F\000i\000l\000e\000\040\000R\000e\000f\000e\000r\000e\000n\000c\000e}{chapter.6}% 129
\BOOKMARK [1][-]{section.6.12}{\376\377\000s\000r\000c\000/\000L\000i\000s\000t\000a\000.\000c\000p\000p\000\040\000F\000i\000l\000e\000\040\000R\000e\000f\000e\000r\000e\000n\000c\000e}{chapter.6}% 130
\BOOKMARK [1][-]{section.6.13}{\376\377\000s\000r\000c\000/\000m\000a\000i\000n\000.\000c\000p\000p\000\040\000F\000i\000l\000e\000\040\000R\000e\000f\000e\000r\000e\000n\000c\000e}{chapter.6}% 131
\BOOKMARK [2][-]{subsection.6.13.1}{\376\377\000F\000u\000n\000c\000t\000i\000o\000n\000\040\000D\000o\000c\000u\000m\000e\000n\000t\000a\000t\000i\000o\000n}{section.6.13}% 132
\BOOKMARK [3][-]{subsubsection.6.13.1.1}{\376\377\000m\000a\000i\000n}{subsection.6.13.1}% 133
\BOOKMARK [1][-]{section.6.14}{\376\377\000s\000r\000c\000/\000S\000e\000d\000z\000i\000a\000.\000c\000p\000p\000\040\000F\000i\000l\000e\000\040\000R\000e\000f\000e\000r\000e\000n\000c\000e}{chapter.6}% 134
\BOOKMARK [1][-]{section.6.15}{\376\377\000s\000r\000c\000/\000S\000t\000o\000p\000e\000r\000.\000c\000p\000p\000\040\000F\000i\000l\000e\000\040\000R\000e\000f\000e\000r\000e\000n\000c\000e}{chapter.6}% 135
\BOOKMARK [1][-]{section.6.16}{\376\377\000s\000r\000c\000/\000S\000t\000o\000s\000.\000c\000p\000p\000\040\000F\000i\000l\000e\000\040\000R\000e\000f\000e\000r\000e\000n\000c\000e}{chapter.6}% 136
\BOOKMARK [1][-]{section.6.17}{\376\377\000s\000r\000c\000/\000T\000a\000b\000l\000i\000c\000a\000.\000c\000p\000p\000\040\000F\000i\000l\000e\000\040\000R\000e\000f\000e\000r\000e\000n\000c\000e}{chapter.6}% 137
